
Circuit 1 cell sky130_fd_pr__cap_mim_m3_1 and Circuit 2 cell sky130_fd_pr__cap_mim_m3_1 are black boxes.
Warning: Equate pins:  cell sky130_fd_pr__cap_mim_m3_1 is a placeholder, treated as a black box.
Warning: Equate pins:  cell sky130_fd_pr__cap_mim_m3_1 is a placeholder, treated as a black box.

Subcircuit pins:
Circuit 1: sky130_fd_pr__cap_mim_m3_1      |Circuit 2: sky130_fd_pr__cap_mim_m3_1      
-------------------------------------------|-------------------------------------------
1                                          |1                                          
2                                          |2                                          
---------------------------------------------------------------------------------------
Cell pin lists are equivalent.
Device classes sky130_fd_pr__cap_mim_m3_1 and sky130_fd_pr__cap_mim_m3_1 are equivalent.

Circuit 1 cell sky130_fd_pr__pfet_01v8 and Circuit 2 cell sky130_fd_pr__pfet_01v8 are black boxes.
Warning: Equate pins:  cell sky130_fd_pr__pfet_01v8 is a placeholder, treated as a black box.
Warning: Equate pins:  cell sky130_fd_pr__pfet_01v8 is a placeholder, treated as a black box.

Subcircuit pins:
Circuit 1: sky130_fd_pr__pfet_01v8         |Circuit 2: sky130_fd_pr__pfet_01v8         
-------------------------------------------|-------------------------------------------
1                                          |1                                          
2                                          |2                                          
3                                          |3                                          
4                                          |4                                          
---------------------------------------------------------------------------------------
Cell pin lists are equivalent.
Device classes sky130_fd_pr__pfet_01v8 and sky130_fd_pr__pfet_01v8 are equivalent.

Circuit 1 cell sky130_fd_pr__nfet_01v8 and Circuit 2 cell sky130_fd_pr__nfet_01v8 are black boxes.
Warning: Equate pins:  cell sky130_fd_pr__nfet_01v8 is a placeholder, treated as a black box.
Warning: Equate pins:  cell sky130_fd_pr__nfet_01v8 is a placeholder, treated as a black box.

Subcircuit pins:
Circuit 1: sky130_fd_pr__nfet_01v8         |Circuit 2: sky130_fd_pr__nfet_01v8         
-------------------------------------------|-------------------------------------------
1                                          |1                                          
2                                          |2                                          
3                                          |3                                          
4                                          |4                                          
---------------------------------------------------------------------------------------
Cell pin lists are equivalent.
Device classes sky130_fd_pr__nfet_01v8 and sky130_fd_pr__nfet_01v8 are equivalent.

Circuit 1 cell sky130_fd_pr__res_xhigh_po_5p73 and Circuit 2 cell sky130_fd_pr__res_xhigh_po_5p73 are black boxes.
Warning: Equate pins:  cell sky130_fd_pr__res_xhigh_po_5p73 is a placeholder, treated as a black box.
Warning: Equate pins:  cell sky130_fd_pr__res_xhigh_po_5p73 is a placeholder, treated as a black box.

Subcircuit pins:
Circuit 1: sky130_fd_pr__res_xhigh_po_5p73 |Circuit 2: sky130_fd_pr__res_xhigh_po_5p73 
-------------------------------------------|-------------------------------------------
1                                          |1                                          
2                                          |2                                          
3                                          |3                                          
---------------------------------------------------------------------------------------
Cell pin lists are equivalent.
Device classes sky130_fd_pr__res_xhigh_po_5p73 and sky130_fd_pr__res_xhigh_po_5p73 are equivalent.
Flattening unmatched subcell OTA_fingers_031123_NON_FLAT in circuit C2S2_Fingers_Amplifier (1)(1 instance)
Flattening unmatched subcell sky130_fd_pr__cap_mim_m3_1_95KK7Z in circuit C2S2_Fingers_Amplifier (1)(4 instances)
Flattening unmatched subcell sky130_fd_pr__pfet_01v8_49C6SK in circuit C2S2_Fingers_Amplifier (1)(1 instance)
Flattening unmatched subcell sky130_fd_pr__nfet_01v8_JT3SH9 in circuit C2S2_Fingers_Amplifier (1)(1 instance)
Flattening unmatched subcell sky130_fd_pr__res_xhigh_po_5p73_F7BMVG in circuit C2S2_Fingers_Amplifier (1)(4 instances)
Flattening unmatched subcell sky130_fd_pr__nfet_01v8_JEXVB9 in circuit C2S2_Fingers_Amplifier (1)(1 instance)
Flattening unmatched subcell sky130_fd_pr__nfet_01v8_EJ3ASN in circuit C2S2_Fingers_Amplifier (1)(2 instances)
Flattening unmatched subcell sky130_fd_pr__pfet_01v8_9F67JW in circuit C2S2_Fingers_Amplifier (1)(1 instance)
Flattening unmatched subcell sky130_fd_pr__pfet_01v8_GNAJ57 in circuit C2S2_Fingers_Amplifier (1)(1 instance)
Flattening unmatched subcell constant_gm_fingers in circuit C2S2_Fingers_Amplifier (1)(1 instance)
Flattening unmatched subcell sky130_fd_pr__nfet_01v8_A5635U in circuit C2S2_Fingers_Amplifier (1)(1 instance)
Flattening unmatched subcell sky130_fd_pr__nfet_01v8_H7FLKU in circuit C2S2_Fingers_Amplifier (1)(1 instance)
Flattening unmatched subcell sky130_fd_pr__res_xhigh_po_5p73_B5N4SD in circuit C2S2_Fingers_Amplifier (1)(4 instances)
Flattening unmatched subcell sky130_fd_pr__pfet_01v8_LK874N in circuit C2S2_Fingers_Amplifier (1)(2 instances)
Flattening unmatched subcell sky130_fd_pr__nfet_01v8_GLZPWL in circuit C2S2_Fingers_Amplifier (1)(1 instance)

Class C2S2_Fingers_Amplifier (1):  Merged 143 parallel devices.
Subcircuit summary:
Circuit 1: C2S2_Amp_F                      |Circuit 2: C2S2_Fingers_Amplifier          
-------------------------------------------|-------------------------------------------
sky130_fd_pr__nfet_01v8 (11)               |sky130_fd_pr__nfet_01v8 (52->7) **Mismatch 
sky130_fd_pr__pfet_01v8 (5)                |sky130_fd_pr__pfet_01v8 (94->5)            
sky130_fd_pr__cap_mim_m3_1 (4->1)          |sky130_fd_pr__cap_mim_m3_1 (4->1)          
sky130_fd_pr__res_xhigh_po_5p73 (8->2)     |sky130_fd_pr__res_xhigh_po_5p73 (8->2)     
sky130_fd_pr__res_generic_m3 (1)           |(no matching element)                      
Number of devices: 20 **Mismatch**         |Number of devices: 15 **Mismatch**         
Number of nets: 13 **Mismatch**            |Number of nets: 12 **Mismatch**            
---------------------------------------------------------------------------------------
NET mismatches: Class fragments follow (with fanout counts):
Circuit 1: C2S2_Amp_F                      |Circuit 2: C2S2_Fingers_Amplifier          

---------------------------------------------------------------------------------------
Net: net2                                  |Net: VDDA                                  
  sky130_fd_pr__nfet_01v8/(1|3) = 5        |  sky130_fd_pr__pfet_01v8/(1|3) = 5        
  sky130_fd_pr__nfet_01v8/4 = 11           |  sky130_fd_pr__pfet_01v8/4 = 5            
  sky130_fd_pr__res_xhigh_po_5p73/3 = 2    |                                           
  sky130_fd_pr__res_xhigh_po_5p73/(1|2) =  |                                           
  sky130_fd_pr__res_generic_m3/(end_a|end_ |                                           
  sky130_fd_pr__nfet_01v8/2 = 2            |                                           
                                           |                                           
Net: VSS                                   |Net: VSS                                   
  sky130_fd_pr__res_generic_m3/(end_a|end_ |  sky130_fd_pr__nfet_01v8/(1|3) = 3        
                                           |  sky130_fd_pr__nfet_01v8/4 = 7            
                                           |  sky130_fd_pr__res_xhigh_po_5p73/3 = 2    
                                           |  sky130_fd_pr__res_xhigh_po_5p73/(1|2) =  
                                           |                                           
Net: VDD                                   |(no matching net)                          
  sky130_fd_pr__pfet_01v8/(1|3) = 5        |                                           
  sky130_fd_pr__pfet_01v8/4 = 5            |                                           
  sky130_fd_pr__nfet_01v8/(1|3) = 2        |                                           
---------------------------------------------------------------------------------------

---------------------------------------------------------------------------------------
(no matching net)                          |Net: VP                                    
                                           |  sky130_fd_pr__nfet_01v8/2 = 1            
                                           |                                           
(no matching net)                          |Net: VN                                    
                                           |  sky130_fd_pr__nfet_01v8/2 = 1            
---------------------------------------------------------------------------------------

---------------------------------------------------------------------------------------
Net: net4                                  |Net: /OTA_fingers_031123_NON_FLAT_0/m1_n26 
  sky130_fd_pr__nfet_01v8/(1|3) = 1        |  sky130_fd_pr__nfet_01v8/(1|3) = 1        
  sky130_fd_pr__pfet_01v8/(1|3) = 1        |  sky130_fd_pr__pfet_01v8/(1|3) = 1        
  sky130_fd_pr__pfet_01v8/2 = 1            |  sky130_fd_pr__pfet_01v8/2 = 1            
  sky130_fd_pr__res_xhigh_po_5p73/(1|2) =  |  sky130_fd_pr__res_xhigh_po_5p73/(1|2) =  
---------------------------------------------------------------------------------------

---------------------------------------------------------------------------------------
Net: VP                                    |(no matching net)                          
  sky130_fd_pr__nfet_01v8/2 = 2            |                                           
  sky130_fd_pr__nfet_01v8/(1|3) = 2        |                                           
                                           |                                           
Net: VN                                    |(no matching net)                          
  sky130_fd_pr__nfet_01v8/2 = 2            |                                           
  sky130_fd_pr__nfet_01v8/(1|3) = 2        |                                           
---------------------------------------------------------------------------------------

---------------------------------------------------------------------------------------
Net: net3                                  |Net: /OTA_fingers_031123_NON_FLAT_0/m1_90_ 
  sky130_fd_pr__nfet_01v8/(1|3) = 1        |  sky130_fd_pr__nfet_01v8/(1|3) = 1        
  sky130_fd_pr__pfet_01v8/(1|3) = 1        |  sky130_fd_pr__pfet_01v8/(1|3) = 1        
  sky130_fd_pr__pfet_01v8/2 = 2            |  sky130_fd_pr__pfet_01v8/2 = 2            
---------------------------------------------------------------------------------------

---------------------------------------------------------------------------------------
Net: net1                                  |Net: /OTA_fingers_031123_NON_FLAT_0/m1_60_ 
  sky130_fd_pr__nfet_01v8/(1|3) = 3        |  sky130_fd_pr__nfet_01v8/(1|3) = 3        
---------------------------------------------------------------------------------------
DEVICE mismatches: Class fragments follow (with node fanout counts):
Circuit 1: C2S2_Amp_F                      |Circuit 2: C2S2_Fingers_Amplifier          

---------------------------------------------------------------------------------------
Instance: sky130_fd_pr__res_generic_m3:16  |(no matching instance)                     
  (end_a,end_b) = (22,1)                   |                                           
                                           |                                           
---------------------------------------------------------------------------------------

---------------------------------------------------------------------------------------
Instance: sky130_fd_pr__nfet_01v8:M30      |Instance: OTA_fingers_031123_NON_FLAT_0//s 
  (1,3) = (4,3)                            |  (1,3) = (4,3)                            
  2 = 4                                    |  2 = 1                                    
  4 = 22                                   |  4 = 13                                   
                                           |                                           
Instance: sky130_fd_pr__nfet_01v8:M29      |Instance: OTA_fingers_031123_NON_FLAT_0//s 
  (1,3) = (4,3)                            |  (1,3) = (4,3)                            
  2 = 4                                    |  2 = 1                                    
  4 = 22                                   |  4 = 13                                   
---------------------------------------------------------------------------------------
Netlists do not match.

Subcircuit pins:
Circuit 1: C2S2_Amp_F                      |Circuit 2: C2S2_Fingers_Amplifier          
-------------------------------------------|-------------------------------------------
VDD                                        |VSS **Mismatch**                           
Cell pin lists are equivalent.
Device classes C2S2_Amp_F and C2S2_Fingers_Amplifier are equivalent.

Final result: Netlists do not match.
