
Circuit 1 cell sky130_fd_pr__nfet_01v8 and Circuit 2 cell sky130_fd_pr__nfet_01v8 are black boxes.
Warning: Equate pins:  cell sky130_fd_pr__nfet_01v8 is a placeholder, treated as a black box.
Warning: Equate pins:  cell sky130_fd_pr__nfet_01v8 is a placeholder, treated as a black box.

Subcircuit pins:
Circuit 1: sky130_fd_pr__nfet_01v8         |Circuit 2: sky130_fd_pr__nfet_01v8         
-------------------------------------------|-------------------------------------------
1                                          |1                                          
2                                          |2                                          
3                                          |3                                          
4                                          |4                                          
---------------------------------------------------------------------------------------
Cell pin lists are equivalent.
Device classes sky130_fd_pr__nfet_01v8 and sky130_fd_pr__nfet_01v8 are equivalent.

Circuit 1 cell sky130_fd_pr__pfet_01v8_hvt and Circuit 2 cell sky130_fd_pr__pfet_01v8_hvt are black boxes.
Warning: Equate pins:  cell sky130_fd_pr__pfet_01v8_hvt is a placeholder, treated as a black box.
Warning: Equate pins:  cell sky130_fd_pr__pfet_01v8_hvt is a placeholder, treated as a black box.

Subcircuit pins:
Circuit 1: sky130_fd_pr__pfet_01v8_hvt     |Circuit 2: sky130_fd_pr__pfet_01v8_hvt     
-------------------------------------------|-------------------------------------------
1                                          |1                                          
2                                          |2                                          
3                                          |3                                          
4                                          |4                                          
---------------------------------------------------------------------------------------
Cell pin lists are equivalent.
Device classes sky130_fd_pr__pfet_01v8_hvt and sky130_fd_pr__pfet_01v8_hvt are equivalent.

Circuit 1 cell sky130_fd_pr__pfet_01v8 and Circuit 2 cell sky130_fd_pr__pfet_01v8 are black boxes.
Warning: Equate pins:  cell sky130_fd_pr__pfet_01v8 is a placeholder, treated as a black box.
Warning: Equate pins:  cell sky130_fd_pr__pfet_01v8 is a placeholder, treated as a black box.

Subcircuit pins:
Circuit 1: sky130_fd_pr__pfet_01v8         |Circuit 2: sky130_fd_pr__pfet_01v8         
-------------------------------------------|-------------------------------------------
1                                          |1                                          
2                                          |2                                          
3                                          |3                                          
4                                          |4                                          
---------------------------------------------------------------------------------------
Cell pin lists are equivalent.
Device classes sky130_fd_pr__pfet_01v8 and sky130_fd_pr__pfet_01v8 are equivalent.

Circuit 1 cell sky130_fd_pr__pfet_01v8_lvt and Circuit 2 cell sky130_fd_pr__pfet_01v8_lvt are black boxes.
Warning: Equate pins:  cell sky130_fd_pr__pfet_01v8_lvt is a placeholder, treated as a black box.
Warning: Equate pins:  cell sky130_fd_pr__pfet_01v8_lvt is a placeholder, treated as a black box.

Subcircuit pins:
Circuit 1: sky130_fd_pr__pfet_01v8_lvt     |Circuit 2: sky130_fd_pr__pfet_01v8_lvt     
-------------------------------------------|-------------------------------------------
1                                          |1                                          
2                                          |2                                          
3                                          |3                                          
4                                          |4                                          
---------------------------------------------------------------------------------------
Cell pin lists are equivalent.
Device classes sky130_fd_pr__pfet_01v8_lvt and sky130_fd_pr__pfet_01v8_lvt are equivalent.

Circuit 1 cell sky130_fd_pr__nfet_01v8_lvt and Circuit 2 cell sky130_fd_pr__nfet_01v8_lvt are black boxes.
Warning: Equate pins:  cell sky130_fd_pr__nfet_01v8_lvt is a placeholder, treated as a black box.
Warning: Equate pins:  cell sky130_fd_pr__nfet_01v8_lvt is a placeholder, treated as a black box.

Subcircuit pins:
Circuit 1: sky130_fd_pr__nfet_01v8_lvt     |Circuit 2: sky130_fd_pr__nfet_01v8_lvt     
-------------------------------------------|-------------------------------------------
1                                          |1                                          
2                                          |2                                          
3                                          |3                                          
4                                          |4                                          
---------------------------------------------------------------------------------------
Cell pin lists are equivalent.
Device classes sky130_fd_pr__nfet_01v8_lvt and sky130_fd_pr__nfet_01v8_lvt are equivalent.

Circuit 1 cell sky130_fd_pr__cap_var_lvt and Circuit 2 cell sky130_fd_pr__cap_var_lvt are black boxes.
Warning: Equate pins:  cell sky130_fd_pr__cap_var_lvt is a placeholder, treated as a black box.
Warning: Equate pins:  cell sky130_fd_pr__cap_var_lvt is a placeholder, treated as a black box.

Subcircuit pins:
Circuit 1: sky130_fd_pr__cap_var_lvt       |Circuit 2: sky130_fd_pr__cap_var_lvt       
-------------------------------------------|-------------------------------------------
1                                          |1                                          
2                                          |2                                          
3                                          |3                                          
---------------------------------------------------------------------------------------
Cell pin lists are equivalent.
Device classes sky130_fd_pr__cap_var_lvt and sky130_fd_pr__cap_var_lvt are equivalent.

Subcircuit summary:
Circuit 1: sky130_fd_sc_hd__inv_1          |Circuit 2: sky130_fd_sc_hd__inv_1          
-------------------------------------------|-------------------------------------------
sky130_fd_pr__nfet_01v8 (1)                |sky130_fd_pr__nfet_01v8 (1)                
sky130_fd_pr__pfet_01v8_hvt (1)            |sky130_fd_pr__pfet_01v8_hvt (1)            
Number of devices: 2                       |Number of devices: 2                       
Number of nets: 6                          |Number of nets: 6                          
---------------------------------------------------------------------------------------
Netlists match uniquely.

Subcircuit pins:
Circuit 1: sky130_fd_sc_hd__inv_1          |Circuit 2: sky130_fd_sc_hd__inv_1          
-------------------------------------------|-------------------------------------------
Y                                          |Y                                          
A                                          |A                                          
VGND                                       |VGND                                       
VNB                                        |VNB                                        
VPWR                                       |VPWR                                       
VPB                                        |VPB                                        
---------------------------------------------------------------------------------------
Cell pin lists are equivalent.
Device classes sky130_fd_sc_hd__inv_1 and sky130_fd_sc_hd__inv_1 are equivalent.

Subcircuit summary:
Circuit 1: sky130_fd_sc_hd__or4_1          |Circuit 2: sky130_fd_sc_hd__or4_1          
-------------------------------------------|-------------------------------------------
sky130_fd_pr__nfet_01v8 (5)                |sky130_fd_pr__nfet_01v8 (5)                
sky130_fd_pr__pfet_01v8_hvt (5)            |sky130_fd_pr__pfet_01v8_hvt (5)            
Number of devices: 10                      |Number of devices: 10                      
Number of nets: 13                         |Number of nets: 13                         
---------------------------------------------------------------------------------------
Netlists match uniquely.

Subcircuit pins:
Circuit 1: sky130_fd_sc_hd__or4_1          |Circuit 2: sky130_fd_sc_hd__or4_1          
-------------------------------------------|-------------------------------------------
VGND                                       |VGND                                       
VNB                                        |VNB                                        
VPB                                        |VPB                                        
D                                          |D                                          
VPWR                                       |VPWR                                       
X                                          |X                                          
C                                          |C                                          
B                                          |B                                          
A                                          |A                                          
---------------------------------------------------------------------------------------
Cell pin lists are equivalent.
Device classes sky130_fd_sc_hd__or4_1 and sky130_fd_sc_hd__or4_1 are equivalent.

Subcircuit summary:
Circuit 1: sky130_fd_sc_hd__or3_1          |Circuit 2: sky130_fd_sc_hd__or3_1          
-------------------------------------------|-------------------------------------------
sky130_fd_pr__pfet_01v8_hvt (4)            |sky130_fd_pr__pfet_01v8_hvt (4)            
sky130_fd_pr__nfet_01v8 (4)                |sky130_fd_pr__nfet_01v8 (4)                
Number of devices: 8                       |Number of devices: 8                       
Number of nets: 11                         |Number of nets: 11                         
---------------------------------------------------------------------------------------
Netlists match uniquely.

Subcircuit pins:
Circuit 1: sky130_fd_sc_hd__or3_1          |Circuit 2: sky130_fd_sc_hd__or3_1          
-------------------------------------------|-------------------------------------------
VPB                                        |VPB                                        
VGND                                       |VGND                                       
VNB                                        |VNB                                        
X                                          |X                                          
VPWR                                       |VPWR                                       
C                                          |C                                          
A                                          |A                                          
B                                          |B                                          
---------------------------------------------------------------------------------------
Cell pin lists are equivalent.
Device classes sky130_fd_sc_hd__or3_1 and sky130_fd_sc_hd__or3_1 are equivalent.

Subcircuit summary:
Circuit 1: sky130_fd_sc_hd__and2_1         |Circuit 2: sky130_fd_sc_hd__and2_1         
-------------------------------------------|-------------------------------------------
sky130_fd_pr__nfet_01v8 (3)                |sky130_fd_pr__nfet_01v8 (3)                
sky130_fd_pr__pfet_01v8_hvt (3)            |sky130_fd_pr__pfet_01v8_hvt (3)            
Number of devices: 6                       |Number of devices: 6                       
Number of nets: 9                          |Number of nets: 9                          
---------------------------------------------------------------------------------------
Netlists match uniquely.

Subcircuit pins:
Circuit 1: sky130_fd_sc_hd__and2_1         |Circuit 2: sky130_fd_sc_hd__and2_1         
-------------------------------------------|-------------------------------------------
VPWR                                       |VPWR                                       
VPB                                        |VPB                                        
VNB                                        |VNB                                        
B                                          |B                                          
X                                          |X                                          
VGND                                       |VGND                                       
A                                          |A                                          
---------------------------------------------------------------------------------------
Cell pin lists are equivalent.
Device classes sky130_fd_sc_hd__and2_1 and sky130_fd_sc_hd__and2_1 are equivalent.

Subcircuit summary:
Circuit 1: sky130_fd_sc_hd__and4_1         |Circuit 2: sky130_fd_sc_hd__and4_1         
-------------------------------------------|-------------------------------------------
sky130_fd_pr__nfet_01v8 (5)                |sky130_fd_pr__nfet_01v8 (5)                
sky130_fd_pr__pfet_01v8_hvt (5)            |sky130_fd_pr__pfet_01v8_hvt (5)            
Number of devices: 10                      |Number of devices: 10                      
Number of nets: 13                         |Number of nets: 13                         
---------------------------------------------------------------------------------------
Netlists match uniquely.

Subcircuit pins:
Circuit 1: sky130_fd_sc_hd__and4_1         |Circuit 2: sky130_fd_sc_hd__and4_1         
-------------------------------------------|-------------------------------------------
VPWR                                       |VPWR                                       
VPB                                        |VPB                                        
VNB                                        |VNB                                        
X                                          |X                                          
A                                          |A                                          
B                                          |B                                          
D                                          |D                                          
C                                          |C                                          
VGND                                       |VGND                                       
---------------------------------------------------------------------------------------
Cell pin lists are equivalent.
Device classes sky130_fd_sc_hd__and4_1 and sky130_fd_sc_hd__and4_1 are equivalent.

Subcircuit summary:
Circuit 1: sky130_fd_sc_hd__and3_1         |Circuit 2: sky130_fd_sc_hd__and3_1         
-------------------------------------------|-------------------------------------------
sky130_fd_pr__nfet_01v8 (4)                |sky130_fd_pr__nfet_01v8 (4)                
sky130_fd_pr__pfet_01v8_hvt (4)            |sky130_fd_pr__pfet_01v8_hvt (4)            
Number of devices: 8                       |Number of devices: 8                       
Number of nets: 11                         |Number of nets: 11                         
---------------------------------------------------------------------------------------
Netlists match uniquely.

Subcircuit pins:
Circuit 1: sky130_fd_sc_hd__and3_1         |Circuit 2: sky130_fd_sc_hd__and3_1         
-------------------------------------------|-------------------------------------------
VPWR                                       |VPWR                                       
VPB                                        |VPB                                        
VNB                                        |VNB                                        
A                                          |A                                          
B                                          |B                                          
C                                          |C                                          
VGND                                       |VGND                                       
X                                          |X                                          
---------------------------------------------------------------------------------------
Cell pin lists are equivalent.
Device classes sky130_fd_sc_hd__and3_1 and sky130_fd_sc_hd__and3_1 are equivalent.

Class sky130_fd_sc_hd__inv_4 (0):  Merged 6 parallel devices.
Class sky130_fd_sc_hd__inv_4 (1):  Merged 6 parallel devices.
Subcircuit summary:
Circuit 1: sky130_fd_sc_hd__inv_4          |Circuit 2: sky130_fd_sc_hd__inv_4          
-------------------------------------------|-------------------------------------------
sky130_fd_pr__nfet_01v8 (4->1)             |sky130_fd_pr__nfet_01v8 (4->1)             
sky130_fd_pr__pfet_01v8_hvt (4->1)         |sky130_fd_pr__pfet_01v8_hvt (4->1)         
Number of devices: 2                       |Number of devices: 2                       
Number of nets: 6                          |Number of nets: 6                          
---------------------------------------------------------------------------------------
Netlists match uniquely.

Subcircuit pins:
Circuit 1: sky130_fd_sc_hd__inv_4          |Circuit 2: sky130_fd_sc_hd__inv_4          
-------------------------------------------|-------------------------------------------
VPWR                                       |VPWR                                       
VPB                                        |VPB                                        
VGND                                       |VGND                                       
VNB                                        |VNB                                        
A                                          |A                                          
Y                                          |Y                                          
---------------------------------------------------------------------------------------
Cell pin lists are equivalent.
Device classes sky130_fd_sc_hd__inv_4 and sky130_fd_sc_hd__inv_4 are equivalent.

Circuit 1 cell sky130_fd_pr__res_xhigh_po_5p73 and Circuit 2 cell sky130_fd_pr__res_xhigh_po_5p73 are black boxes.
Warning: Equate pins:  cell sky130_fd_pr__res_xhigh_po_5p73 is a placeholder, treated as a black box.
Warning: Equate pins:  cell sky130_fd_pr__res_xhigh_po_5p73 is a placeholder, treated as a black box.

Subcircuit pins:
Circuit 1: sky130_fd_pr__res_xhigh_po_5p73 |Circuit 2: sky130_fd_pr__res_xhigh_po_5p73 
-------------------------------------------|-------------------------------------------
1                                          |1                                          
2                                          |2                                          
3                                          |3                                          
---------------------------------------------------------------------------------------
Cell pin lists are equivalent.
Device classes sky130_fd_pr__res_xhigh_po_5p73 and sky130_fd_pr__res_xhigh_po_5p73 are equivalent.

Subcircuit summary:
Circuit 1: sky130_fd_sc_hd__or2_1          |Circuit 2: sky130_fd_sc_hd__or2_1          
-------------------------------------------|-------------------------------------------
sky130_fd_pr__pfet_01v8_hvt (3)            |sky130_fd_pr__pfet_01v8_hvt (3)            
sky130_fd_pr__nfet_01v8 (3)                |sky130_fd_pr__nfet_01v8 (3)                
Number of devices: 6                       |Number of devices: 6                       
Number of nets: 9                          |Number of nets: 9                          
---------------------------------------------------------------------------------------
Netlists match uniquely.

Subcircuit pins:
Circuit 1: sky130_fd_sc_hd__or2_1          |Circuit 2: sky130_fd_sc_hd__or2_1          
-------------------------------------------|-------------------------------------------
VGND                                       |VGND                                       
VNB                                        |VNB                                        
VPB                                        |VPB                                        
A                                          |A                                          
B                                          |B                                          
X                                          |X                                          
VPWR                                       |VPWR                                       
---------------------------------------------------------------------------------------
Cell pin lists are equivalent.
Device classes sky130_fd_sc_hd__or2_1 and sky130_fd_sc_hd__or2_1 are equivalent.

Class sky130_fd_sc_hd__inv_16 (0):  Merged 30 parallel devices.
Class sky130_fd_sc_hd__inv_16 (1):  Merged 30 parallel devices.
Subcircuit summary:
Circuit 1: sky130_fd_sc_hd__inv_16         |Circuit 2: sky130_fd_sc_hd__inv_16         
-------------------------------------------|-------------------------------------------
sky130_fd_pr__nfet_01v8 (16->1)            |sky130_fd_pr__nfet_01v8 (16->1)            
sky130_fd_pr__pfet_01v8_hvt (16->1)        |sky130_fd_pr__pfet_01v8_hvt (16->1)        
Number of devices: 2                       |Number of devices: 2                       
Number of nets: 6                          |Number of nets: 6                          
---------------------------------------------------------------------------------------
Netlists match uniquely.

Subcircuit pins:
Circuit 1: sky130_fd_sc_hd__inv_16         |Circuit 2: sky130_fd_sc_hd__inv_16         
-------------------------------------------|-------------------------------------------
Y                                          |Y                                          
A                                          |A                                          
VPWR                                       |VPWR                                       
VPB                                        |VPB                                        
VGND                                       |VGND                                       
VNB                                        |VNB                                        
---------------------------------------------------------------------------------------
Cell pin lists are equivalent.
Device classes sky130_fd_sc_hd__inv_16 and sky130_fd_sc_hd__inv_16 are equivalent.

Subcircuit summary:
Circuit 1: sky130_fd_sc_hd__buf_1          |Circuit 2: sky130_fd_sc_hd__buf_1          
-------------------------------------------|-------------------------------------------
sky130_fd_pr__nfet_01v8 (2)                |sky130_fd_pr__nfet_01v8 (2)                
sky130_fd_pr__pfet_01v8_hvt (2)            |sky130_fd_pr__pfet_01v8_hvt (2)            
Number of devices: 4                       |Number of devices: 4                       
Number of nets: 7                          |Number of nets: 7                          
---------------------------------------------------------------------------------------
Netlists match uniquely.

Subcircuit pins:
Circuit 1: sky130_fd_sc_hd__buf_1          |Circuit 2: sky130_fd_sc_hd__buf_1          
-------------------------------------------|-------------------------------------------
VPWR                                       |VPWR                                       
A                                          |A                                          
VPB                                        |VPB                                        
X                                          |X                                          
VGND                                       |VGND                                       
VNB                                        |VNB                                        
---------------------------------------------------------------------------------------
Cell pin lists are equivalent.
Device classes sky130_fd_sc_hd__buf_1 and sky130_fd_sc_hd__buf_1 are equivalent.
Flattening unmatched subcell sky130_fd_pr__nfet_01v8_8X7CJE in circuit RSfetsym (1)(1 instance)
Flattening unmatched subcell sky130_fd_pr__nfet_01v8_ENQT6S in circuit RSfetsym (1)(1 instance)
Flattening unmatched subcell sky130_fd_pr__nfet_01v8_CBNSG2 in circuit RSfetsym (1)(1 instance)
Flattening unmatched subcell sky130_fd_pr__nfet_01v8_GNLSML in circuit RSfetsym (1)(1 instance)
Flattening unmatched subcell sky130_fd_pr__pfet_01v8_K7FRP5 in circuit RSfetsym (1)(1 instance)
Flattening unmatched subcell sky130_fd_pr__pfet_01v8_GHY9W9 in circuit RSfetsym (1)(1 instance)
Flattening unmatched subcell sky130_fd_pr__pfet_01v8_E3L9V7 in circuit RSfetsym (1)(1 instance)
Flattening unmatched subcell sky130_fd_pr__pfet_01v8_EDASV7 in circuit RSfetsym (1)(1 instance)
Flattening unmatched subcell sky130_fd_pr__nfet_01v8_4WSMTB in circuit RSfetsym (1)(1 instance)
Flattening unmatched subcell sky130_fd_pr__nfet_01v8_XJSMYS in circuit RSfetsym (1)(1 instance)

Class RSfetsym (1):  Merged 2 parallel devices.
Subcircuit summary:
Circuit 1: RSfetsym                        |Circuit 2: RSfetsym                        
-------------------------------------------|-------------------------------------------
sky130_fd_pr__nfet_01v8 (6)                |sky130_fd_pr__nfet_01v8 (6)                
sky130_fd_pr__pfet_01v8 (4)                |sky130_fd_pr__pfet_01v8 (6->4)             
sky130_fd_sc_hd__inv_4 (2)                 |sky130_fd_sc_hd__inv_4 (2)                 
Number of devices: 12                      |Number of devices: 12                      
Number of nets: 10                         |Number of nets: 10                         
---------------------------------------------------------------------------------------
Resolving symmetries by property value.
Resolving symmetries by pin name.
Netlists match uniquely.

Subcircuit pins:
Circuit 1: RSfetsym                        |Circuit 2: RSfetsym                        
-------------------------------------------|-------------------------------------------
VDD                                        |VDD                                        
GND                                        |GND                                        
R                                          |R                                          
S                                          |S                                          
Q                                          |Q                                          
QN                                         |QN                                         
---------------------------------------------------------------------------------------
Cell pin lists are equivalent.
Device classes RSfetsym and RSfetsym are equivalent.

Circuit 1 cell sky130_fd_pr__cap_mim_m3_2 and Circuit 2 cell sky130_fd_pr__cap_mim_m3_2 are black boxes.
Warning: Equate pins:  cell sky130_fd_pr__cap_mim_m3_2 is a placeholder, treated as a black box.
Warning: Equate pins:  cell sky130_fd_pr__cap_mim_m3_2 is a placeholder, treated as a black box.

Subcircuit pins:
Circuit 1: sky130_fd_pr__cap_mim_m3_2      |Circuit 2: sky130_fd_pr__cap_mim_m3_2      
-------------------------------------------|-------------------------------------------
1                                          |1                                          
2                                          |2                                          
---------------------------------------------------------------------------------------
Cell pin lists are equivalent.
Device classes sky130_fd_pr__cap_mim_m3_2 and sky130_fd_pr__cap_mim_m3_2 are equivalent.
Flattening unmatched subcell class_AB_v4_sym in circuit frontAnalog_v0p0p1 (0)(1 instance)
Flattening unmatched subcell class_AB_v3_sym in circuit frontAnalog_v0p0p1 (1)(1 instance)
Flattening unmatched subcell sky130_fd_pr__pfet_01v8_lvt_4QFHB3 in circuit frontAnalog_v0p0p1 (1)(5 instances)
Flattening unmatched subcell sky130_fd_pr__nfet_01v8_lvt_WJMR3R in circuit frontAnalog_v0p0p1 (1)(1 instance)
Flattening unmatched subcell sky130_fd_pr__nfet_01v8_lvt_AWHWK2 in circuit frontAnalog_v0p0p1 (1)(4 instances)
Flattening unmatched subcell sky130_fd_pr__nfet_01v8_lvt_64Z3AY in circuit frontAnalog_v0p0p1 (1)(3 instances)
Flattening unmatched subcell sky130_fd_pr__cap_var_lvt_CYVAFU in circuit frontAnalog_v0p0p1 (1)(2 instances)

Class frontAnalog_v0p0p1 (1):  Merged 1 parallel devices.
Subcircuit summary:
Circuit 1: frontAnalog_v0p0p1              |Circuit 2: frontAnalog_v0p0p1              
-------------------------------------------|-------------------------------------------
sky130_fd_sc_hd__buf_1 (2)                 |sky130_fd_sc_hd__buf_1 (2)                 
RSfetsym (1)                               |RSfetsym (1)                               
sky130_fd_pr__nfet_01v8_lvt (9->8)         |sky130_fd_pr__nfet_01v8_lvt (9->8)         
sky130_fd_pr__pfet_01v8_lvt (5)            |sky130_fd_pr__pfet_01v8_lvt (5)            
sky130_fd_pr__cap_var_lvt (2)              |sky130_fd_pr__cap_var_lvt (2)              
Number of devices: 18                      |Number of devices: 18                      
Number of nets: 16                         |Number of nets: 16                         
---------------------------------------------------------------------------------------
Netlists match uniquely with port errors.

Subcircuit pins:
Circuit 1: frontAnalog_v0p0p1              |Circuit 2: frontAnalog_v0p0p1              
-------------------------------------------|-------------------------------------------
CLK                                        |CLK                                        
Q                                          |Q                                          
IB                                         |IB                                         
VIN                                        |VIN                                        
VN                                         |VN                                         
VDD                                        |VDD                                        
GND                                        |GND                                        
(no matching pin)                          |x63/A                                      
(no matching pin)                          |x65/A                                      
---------------------------------------------------------------------------------------
Cell pin lists for frontAnalog_v0p0p1 and frontAnalog_v0p0p1 altered to match.
Device classes frontAnalog_v0p0p1 and frontAnalog_v0p0p1 are equivalent.
  Flattening non-matched subcircuits frontAnalog_v0p0p1 frontAnalog_v0p0p1
Flattening unmatched subcell 16to4_PriorityEncoder_v0p0p1 in circuit flashADC (0)(1 instance)
Flattening unmatched subcell 8to3_Priority_Encoder_v0p2p0 in circuit flashADC (0)(2 instances)
Flattening unmatched subcell PTAT_v0p0p0 in circuit flashADC (0)(1 instance)
Flattening unmatched subcell resistorDivider_v0p0p1 in circuit flashADC (1)(1 instance)
Flattening unmatched subcell sky130_fd_pr__res_xhigh_po_5p73_QJNTVE in circuit flashADC (1)(1 instance)
Flattening unmatched subcell sky130_fd_pr__res_xhigh_po_5p73_7KNTDX in circuit flashADC (1)(15 instances)
Flattening unmatched subcell sky130_fd_pr__res_xhigh_po_5p73_BKNTN6 in circuit flashADC (1)(1 instance)
Flattening unmatched subcell x16to4_PriorityEncoder_v0p0p1 in circuit flashADC (1)(1 instance)
Flattening unmatched subcell x8to3_Priority_Encoder_v0p2p0 in circuit flashADC (1)(2 instances)
Flattening unmatched subcell PTAT_v0p0p0_mag in circuit flashADC (1)(1 instance)
Flattening unmatched subcell sky130_fd_pr__nfet_01v8_lvt_BKH6ZK in circuit flashADC (1)(22 instances)
Flattening unmatched subcell sky130_fd_pr__res_xhigh_po_5p73_GWLG8Y in circuit flashADC (1)(2 instances)
Flattening unmatched subcell sky130_fd_pr__pfet_01v8_lvt_GUHUBJ in circuit flashADC (1)(3 instances)
Flattening unmatched subcell sky130_fd_pr__nfet_01v8_lvt_B7MEP5 in circuit flashADC (1)(1 instance)
Flattening unmatched subcell sky130_fd_pr__cap_mim_m3_2_U5PCTN in circuit flashADC (1)(1 instance)

Class flashADC (0):  Merged 1 parallel devices.
Class flashADC (1):  Merged 210 parallel devices.
Subcircuit summary:
Circuit 1: flashADC                        |Circuit 2: flashADC                        
-------------------------------------------|-------------------------------------------
sky130_fd_pr__res_xhigh_po_5p73 (138->18)  |sky130_fd_pr__res_xhigh_po_5p73 (138->18)  
sky130_fd_sc_hd__or2_1 (3)                 |sky130_fd_sc_hd__or2_1 (3)                 
sky130_fd_sc_hd__inv_1 (15)                |sky130_fd_sc_hd__inv_1 (15)                
sky130_fd_sc_hd__inv_4 (4)                 |sky130_fd_sc_hd__inv_4 (4)                 
sky130_fd_sc_hd__inv_16 (20)               |sky130_fd_sc_hd__inv_16 (20)               
sky130_fd_sc_hd__or4_1 (10)                |sky130_fd_sc_hd__or4_1 (10)                
sky130_fd_sc_hd__or3_1 (2)                 |sky130_fd_sc_hd__or3_1 (2)                 
sky130_fd_sc_hd__and2_1 (12)               |sky130_fd_sc_hd__and2_1 (12)               
sky130_fd_sc_hd__and4_1 (8)                |sky130_fd_sc_hd__and4_1 (8)                
sky130_fd_sc_hd__and3_1 (2)                |sky130_fd_sc_hd__and3_1 (2)                
sky130_fd_pr__pfet_01v8_lvt (83)           |sky130_fd_pr__pfet_01v8_lvt (83)           
sky130_fd_pr__nfet_01v8_lvt (167->132)     |sky130_fd_pr__nfet_01v8_lvt (167->132)     
sky130_fd_sc_hd__buf_1 (32)                |sky130_fd_sc_hd__buf_1 (32)                
RSfetsym (16)                              |RSfetsym (16)                              
sky130_fd_pr__cap_var_lvt (32)             |sky130_fd_pr__cap_var_lvt (32)             
sky130_fd_pr__cap_mim_m3_2 (70->1)         |sky130_fd_pr__cap_mim_m3_2 (72->1)         
Number of devices: 390                     |Number of devices: 390                     
Number of nets: 250                        |Number of nets: 250                        
---------------------------------------------------------------------------------------
Resolving symmetries by property value.
Resolving symmetries by pin name.
Netlists match with 4 symmetries with property errors.
sky130_fd_pr__cap_mim_m3_2:C1 vs. sky130_fd_pr__cap_mim_m3_2_U5PCTN_0/sky130_fd_pr__cap_mim_m3_2:0:
 M circuit1: 70   circuit2: 72   (delta=2, cutoff=0)

Subcircuit pins:
Circuit 1: flashADC                        |Circuit 2: flashADC                        
-------------------------------------------|-------------------------------------------
CLK                                        |CLK                                        
VIN                                        |VIN                                        
VDD                                        |VDD                                        
GND                                        |GND                                        
OUT3                                       |OUT3                                       
OUT0                                       |OUT0                                       
OUT1                                       |OUT1                                       
OUT2                                       |OUT2                                       
VL                                         |VL                                         
VFS                                        |VFS                                        
(no matching pin)                          |VV1                                        
(no matching pin)                          |VV2                                        
(no matching pin)                          |VV3                                        
(no matching pin)                          |VV4                                        
(no matching pin)                          |VV5                                        
(no matching pin)                          |VV6                                        
(no matching pin)                          |VV7                                        
(no matching pin)                          |VV8                                        
(no matching pin)                          |VV9                                        
(no matching pin)                          |VV10                                       
(no matching pin)                          |VV11                                       
(no matching pin)                          |VV12                                       
(no matching pin)                          |VV13                                       
(no matching pin)                          |VV14                                       
(no matching pin)                          |VV15                                       
(no matching pin)                          |VV16                                       
(no matching pin)                          |R0                                         
(no matching pin)                          |S0                                         
(no matching pin)                          |R1                                         
(no matching pin)                          |S1                                         
(no matching pin)                          |I15                                        
(no matching pin)                          |I14                                        
(no matching pin)                          |I13                                        
(no matching pin)                          |I12                                        
(no matching pin)                          |I11                                        
(no matching pin)                          |I10                                        
(no matching pin)                          |I9                                         
(no matching pin)                          |I8                                         
(no matching pin)                          |I7                                         
(no matching pin)                          |I6                                         
(no matching pin)                          |I5                                         
(no matching pin)                          |I4                                         
(no matching pin)                          |I3                                         
(no matching pin)                          |I2                                         
(no matching pin)                          |I1                                         
(no matching pin)                          |I0                                         
(no matching pin)                          |IB                                         
---------------------------------------------------------------------------------------
Cell pin lists for flashADC and flashADC altered to match.
Device classes flashADC and flashADC are equivalent.

Final result: Top level cell failed pin matching.
