
Circuit 1 cell sky130_fd_pr__pfet_01v8_lvt and Circuit 2 cell sky130_fd_pr__pfet_01v8_lvt are black boxes.
Warning: Equate pins:  cell sky130_fd_pr__pfet_01v8_lvt is a placeholder, treated as a black box.
Warning: Equate pins:  cell sky130_fd_pr__pfet_01v8_lvt is a placeholder, treated as a black box.

Subcircuit pins:
Circuit 1: sky130_fd_pr__pfet_01v8_lvt     |Circuit 2: sky130_fd_pr__pfet_01v8_lvt     
-------------------------------------------|-------------------------------------------
1                                          |1                                          
2                                          |2                                          
3                                          |3                                          
4                                          |4                                          
---------------------------------------------------------------------------------------
Cell pin lists are equivalent.
Device classes sky130_fd_pr__pfet_01v8_lvt and sky130_fd_pr__pfet_01v8_lvt are equivalent.

Circuit 1 cell sky130_fd_pr__nfet_01v8_lvt and Circuit 2 cell sky130_fd_pr__nfet_01v8_lvt are black boxes.
Warning: Equate pins:  cell sky130_fd_pr__nfet_01v8_lvt is a placeholder, treated as a black box.
Warning: Equate pins:  cell sky130_fd_pr__nfet_01v8_lvt is a placeholder, treated as a black box.

Subcircuit pins:
Circuit 1: sky130_fd_pr__nfet_01v8_lvt     |Circuit 2: sky130_fd_pr__nfet_01v8_lvt     
-------------------------------------------|-------------------------------------------
1                                          |1                                          
2                                          |2                                          
3                                          |3                                          
4                                          |4                                          
---------------------------------------------------------------------------------------
Cell pin lists are equivalent.
Device classes sky130_fd_pr__nfet_01v8_lvt and sky130_fd_pr__nfet_01v8_lvt are equivalent.

Circuit 1 cell sky130_fd_pr__cap_var_lvt and Circuit 2 cell sky130_fd_pr__cap_var_lvt are black boxes.
Warning: Equate pins:  cell sky130_fd_pr__cap_var_lvt is a placeholder, treated as a black box.
Warning: Equate pins:  cell sky130_fd_pr__cap_var_lvt is a placeholder, treated as a black box.

Subcircuit pins:
Circuit 1: sky130_fd_pr__cap_var_lvt       |Circuit 2: sky130_fd_pr__cap_var_lvt       
-------------------------------------------|-------------------------------------------
1                                          |1                                          
2                                          |2                                          
3                                          |3                                          
---------------------------------------------------------------------------------------
Cell pin lists are equivalent.
Device classes sky130_fd_pr__cap_var_lvt and sky130_fd_pr__cap_var_lvt are equivalent.
Flattening unmatched subcell sky130_fd_pr__pfet_01v8_lvt_4QFHB3 in circuit class_AB_v4_symlvs (0)(5 instances)
Flattening unmatched subcell sky130_fd_pr__nfet_01v8_lvt_WJMR3R in circuit class_AB_v4_symlvs (0)(1 instance)
Flattening unmatched subcell sky130_fd_pr__nfet_01v8_lvt_AWHWK2 in circuit class_AB_v4_symlvs (0)(4 instances)
Flattening unmatched subcell sky130_fd_pr__nfet_01v8_lvt_64Z3AY in circuit class_AB_v4_symlvs (0)(3 instances)
Flattening unmatched subcell sky130_fd_pr__cap_var_lvt_CYVAFU in circuit class_AB_v4_symlvs (0)(2 instances)

Class class_AB_v4_symlvs (0):  Merged 1 parallel devices.
Subcircuit summary:
Circuit 1: class_AB_v4_symlvs              |Circuit 2: class_AB_v4_sym                 
-------------------------------------------|-------------------------------------------
sky130_fd_pr__pfet_01v8_lvt (5)            |sky130_fd_pr__pfet_01v8_lvt (5)            
sky130_fd_pr__nfet_01v8_lvt (9->8)         |sky130_fd_pr__nfet_01v8_lvt (9->8)         
sky130_fd_pr__cap_var_lvt (2)              |sky130_fd_pr__cap_var_lvt (2)              
Number of devices: 15                      |Number of devices: 15                      
Number of nets: 12                         |Number of nets: 12                         
---------------------------------------------------------------------------------------
Resolving symmetries by property value.
Resolving symmetries by pin name.
Netlists match uniquely.

Subcircuit pins:
Circuit 1: class_AB_v4_symlvs              |Circuit 2: class_AB_v4_sym                 
-------------------------------------------|-------------------------------------------
VIP                                        |VIP                                        
VIN                                        |VIN                                        
VSS                                        |VSS                                        
IB                                         |IB                                         
VDD                                        |VDD                                        
VOP                                        |VOP                                        
VON                                        |VON                                        
CLK                                        |CLK                                        
---------------------------------------------------------------------------------------
Cell pin lists are equivalent.
Device classes class_AB_v4_symlvs and class_AB_v4_sym are equivalent.

Final result: Circuits match uniquely.
.
